<?xml version="1.0" encoding="UTF-8"?>
<robot generator="Robot 5.0.1 (Python 3.9.12 on linux)" generated="20220804 19:30:14.662" rpa="false" schemaversion="3">
<suite id="s1" name="TimesheetTest" source="/home/sheba/PycharmProjects/AutomationAssignment/TestCases/TimesheetTest.robot">
<test id="s1-t1" name="LoginTest" line="12">
<kw name="Set Selenium Implicit Wait" library="SeleniumLibrary">
<arg>5seconds</arg>
<doc>Sets the implicit wait value used by Selenium.</doc>
<status status="PASS" starttime="20220804 19:30:14.767" endtime="20220804 19:30:14.767"/>
</kw>
<kw name="Evaluate" library="BuiltIn">
<var>${options}</var>
<arg>sys.modules['selenium.webdriver'].ChromeOptions()</arg>
<arg>sys, selenium.webdriver</arg>
<doc>Evaluates the given expression in Python and returns the result.</doc>
<msg timestamp="20220804 19:30:14.768" level="INFO">${options} = &lt;selenium.webdriver.chrome.options.Options object at 0x7fead5258610&gt;</msg>
<status status="PASS" starttime="20220804 19:30:14.767" endtime="20220804 19:30:14.768"/>
</kw>
<kw name="Call Method" library="BuiltIn">
<arg>${options}</arg>
<arg>add_argument</arg>
<arg>incognito</arg>
<doc>Calls the named method of the given object with the provided arguments.</doc>
<status status="PASS" starttime="20220804 19:30:14.768" endtime="20220804 19:30:14.768"/>
</kw>
<kw name="Create Webdriver" library="SeleniumLibrary">
<arg>Chrome</arg>
<arg>chrome_options=${options}</arg>
<doc>Creates an instance of Selenium WebDriver.</doc>
<msg timestamp="20220804 19:30:14.768" level="INFO">Creating an instance of the Chrome WebDriver.</msg>
<status status="PASS" starttime="20220804 19:30:14.768" endtime="20220804 19:30:15.875"/>
</kw>
<kw name="Go To" library="SeleniumLibrary">
<arg>${SiteUrl}</arg>
<doc>Navigates the current browser window to the provided ``url``.</doc>
<msg timestamp="20220804 19:30:15.876" level="INFO">Opening url 'http://114.143.149.14:4356/TaskbaseAWS-2.0/NeovaTaskBase/LoginPage.aspx'</msg>
<status status="PASS" starttime="20220804 19:30:15.876" endtime="20220804 19:30:17.604"/>
</kw>
<kw name="Maximize Browser Window" library="SeleniumLibrary">
<doc>Maximizes current browser window.</doc>
<status status="PASS" starttime="20220804 19:30:17.604" endtime="20220804 19:30:17.713"/>
</kw>
<kw name="Enter Username" library="Keywords">
<arg>${User}</arg>
<kw name="Input Text" library="SeleniumLibrary">
<arg>${txt_loginUserName}</arg>
<arg>${username}</arg>
<doc>Types the given ``text`` into the text field identified by ``locator``.</doc>
<msg timestamp="20220804 19:30:17.718" level="INFO">Typing text 'sheba_john@neovasolutions.in' into text field 'xpath://input[@id='txtUserName']'.</msg>
<status status="PASS" starttime="20220804 19:30:17.716" endtime="20220804 19:30:17.850"/>
</kw>
<status status="PASS" starttime="20220804 19:30:17.714" endtime="20220804 19:30:17.850"/>
</kw>
<kw name="Enter Password" library="Keywords">
<arg>${pwd}</arg>
<kw name="Input Text" library="SeleniumLibrary">
<arg>${txt_loginPassword}</arg>
<arg>${password}</arg>
<doc>Types the given ``text`` into the text field identified by ``locator``.</doc>
<msg timestamp="20220804 19:30:17.851" level="INFO">Typing text 'Neova@123' into text field 'xpath://input[@id='txtPassword']'.</msg>
<status status="PASS" starttime="20220804 19:30:17.851" endtime="20220804 19:30:17.915"/>
</kw>
<status status="PASS" starttime="20220804 19:30:17.850" endtime="20220804 19:30:17.915"/>
</kw>
<kw name="Click SignIn" library="Keywords">
<kw name="Click Button" library="SeleniumLibrary">
<arg>${btn_signIn}</arg>
<doc>Clicks the button identified by ``locator``.</doc>
<msg timestamp="20220804 19:30:17.916" level="INFO">Clicking button 'xpath://input[@id='btnLogin']'.</msg>
<status status="PASS" starttime="20220804 19:30:17.915" endtime="20220804 19:30:18.962"/>
</kw>
<status status="PASS" starttime="20220804 19:30:17.915" endtime="20220804 19:30:18.962"/>
</kw>
<kw name="Verify Successful login" library="Keywords">
<kw name="Title Should Be" library="SeleniumLibrary">
<arg>Neova Task Base</arg>
<doc>Verifies that the current page title equals ``title``.</doc>
<msg timestamp="20220804 19:30:18.967" level="INFO">Page title is 'Neova Task Base'.</msg>
<status status="PASS" starttime="20220804 19:30:18.963" endtime="20220804 19:30:18.967"/>
</kw>
<status status="PASS" starttime="20220804 19:30:18.962" endtime="20220804 19:30:18.967"/>
</kw>
<status status="PASS" starttime="20220804 19:30:14.767" endtime="20220804 19:30:18.967"/>
</test>
<test id="s1-t2" name="Fill timesheet" line="25">
<kw name="Page Should Contain" library="SeleniumLibrary">
<arg>My Timesheet</arg>
<doc>Verifies that current page contains ``text``.</doc>
<msg timestamp="20220804 19:30:18.979" level="INFO">Current page contains text 'My Timesheet'.</msg>
<status status="PASS" starttime="20220804 19:30:18.968" endtime="20220804 19:30:18.979"/>
</kw>
<kw name="List Selection Should Be" library="SeleniumLibrary">
<arg>ctl00_ContentPlaceHolder1_ddEmployee</arg>
<arg>Sheba John</arg>
<doc>Verifies selection list ``locator`` has ``expected`` options selected.</doc>
<msg timestamp="20220804 19:30:18.980" level="INFO">Verifying list 'ctl00_ContentPlaceHolder1_ddEmployee' has option [ Sheba John ] selected.</msg>
<msg timestamp="20220804 19:30:18.987" level="INFO">Current page contains list 'ctl00_ContentPlaceHolder1_ddEmployee'.</msg>
<status status="PASS" starttime="20220804 19:30:18.980" endtime="20220804 19:30:19.067"/>
</kw>
<kw name="Click Element" library="SeleniumLibrary">
<arg>xpath://span[@id='imgBtnCal']</arg>
<doc>Click the element identified by ``locator``.</doc>
<msg timestamp="20220804 19:30:19.068" level="INFO">Clicking element 'xpath://span[@id='imgBtnCal']'.</msg>
<status status="PASS" starttime="20220804 19:30:19.067" endtime="20220804 19:30:19.125"/>
</kw>
<kw name="Press Keys" library="SeleniumLibrary">
<arg>xpath://span[@id='imgBtnCal']</arg>
<arg>ENTER</arg>
<doc>Simulates the user pressing key(s) to an element or on the active browser.</doc>
<msg timestamp="20220804 19:30:19.125" level="INFO">Sending key(s) ('ENTER',) to xpath://span[@id='imgBtnCal'] element.</msg>
<msg timestamp="20220804 19:30:19.413" level="INFO">Pressing special key ENTER to element.</msg>
<msg timestamp="20220804 19:30:19.413" level="INFO">Releasing special key ENTER.</msg>
<status status="PASS" starttime="20220804 19:30:19.125" endtime="20220804 19:30:19.426"/>
</kw>
<kw name="Select From List By Label" library="SeleniumLibrary">
<arg>ctl00_ContentPlaceHolder1_ddProjects</arg>
<arg>NON-BILLABLE</arg>
<doc>Selects options from selection list ``locator`` by ``labels``.</doc>
<msg timestamp="20220804 19:30:19.427" level="INFO">Selecting options from selection list 'ctl00_ContentPlaceHolder1_ddProjects' by label NON-BILLABLE.</msg>
<status status="PASS" starttime="20220804 19:30:19.426" endtime="20220804 19:30:19.535"/>
</kw>
<kw name="Sleep" library="BuiltIn">
<arg>5seconds</arg>
<doc>Pauses the test executed for the given time.</doc>
<msg timestamp="20220804 19:30:24.536" level="INFO">Slept 5 seconds</msg>
<status status="PASS" starttime="20220804 19:30:19.535" endtime="20220804 19:30:24.536"/>
</kw>
<kw name="Select From List By Value" library="SeleniumLibrary">
<arg>ctl00_ContentPlaceHolder1_ddPhase</arg>
<arg>Training - Internal</arg>
<doc>Selects options from selection list ``locator`` by ``values``.</doc>
<msg timestamp="20220804 19:30:24.538" level="INFO">Selecting options from selection list 'ctl00_ContentPlaceHolder1_ddPhase' by value Training - Internal.</msg>
<status status="PASS" starttime="20220804 19:30:24.537" endtime="20220804 19:30:24.673"/>
</kw>
<kw name="Select From List By Value" library="SeleniumLibrary">
<arg>ctl00_ContentPlaceHolder1_ddEntryHours</arg>
<arg>7</arg>
<doc>Selects options from selection list ``locator`` by ``values``.</doc>
<msg timestamp="20220804 19:30:24.673" level="INFO">Selecting options from selection list 'ctl00_ContentPlaceHolder1_ddEntryHours' by value 7.</msg>
<status status="PASS" starttime="20220804 19:30:24.673" endtime="20220804 19:30:24.720"/>
</kw>
<kw name="Set Variable" library="BuiltIn">
<var>${"Description"}</var>
<arg>xpath://textarea[@id='ctl00_ContentPlaceHolder1_txtDescription']</arg>
<doc>Returns the given values which can then be assigned to a variables.</doc>
<msg timestamp="20220804 19:30:24.720" level="INFO">${"Description"} = xpath://textarea[@id='ctl00_ContentPlaceHolder1_txtDescription']</msg>
<status status="PASS" starttime="20220804 19:30:24.720" endtime="20220804 19:30:24.720"/>
</kw>
<kw name="Input Text" library="SeleniumLibrary">
<arg>${"Description"}</arg>
<arg>${descrip}</arg>
<doc>Types the given ``text`` into the text field identified by ``locator``.</doc>
<msg timestamp="20220804 19:30:24.721" level="INFO">Typing text 'Automation training assignment using selenium or robot framework with python' into text field 'xpath://textarea[@id='ctl00_ContentPlaceHolder1_txtDescription']'.</msg>
<status status="PASS" starttime="20220804 19:30:24.720" endtime="20220804 19:30:24.809"/>
</kw>
<kw name="Click Element" library="SeleniumLibrary">
<arg>xpath://input[@id='ctl00_ContentPlaceHolder1_btnAddTimesheetEntry']</arg>
<doc>Click the element identified by ``locator``.</doc>
<msg timestamp="20220804 19:30:24.809" level="INFO">Clicking element 'xpath://input[@id='ctl00_ContentPlaceHolder1_btnAddTimesheetEntry']'.</msg>
<status status="PASS" starttime="20220804 19:30:24.809" endtime="20220804 19:30:24.847"/>
</kw>
<kw name="Select From List By Value" library="SeleniumLibrary">
<arg>ctl00_ContentPlaceHolder1_ddEntryHours</arg>
<arg>1</arg>
<doc>Selects options from selection list ``locator`` by ``values``.</doc>
<msg timestamp="20220804 19:30:24.847" level="INFO">Selecting options from selection list 'ctl00_ContentPlaceHolder1_ddEntryHours' by value 1.</msg>
<status status="PASS" starttime="20220804 19:30:24.847" endtime="20220804 19:30:24.899"/>
</kw>
<kw name="Input Text" library="SeleniumLibrary">
<arg>${"Description"}</arg>
<arg>team meeting</arg>
<doc>Types the given ``text`` into the text field identified by ``locator``.</doc>
<msg timestamp="20220804 19:30:24.900" level="INFO">Typing text 'team meeting' into text field 'xpath://textarea[@id='ctl00_ContentPlaceHolder1_txtDescription']'.</msg>
<status status="PASS" starttime="20220804 19:30:24.899" endtime="20220804 19:30:24.944"/>
</kw>
<kw name="Click Element" library="SeleniumLibrary">
<arg>xpath://input[@id='ctl00_ContentPlaceHolder1_btnAddTimesheetEntry']</arg>
<doc>Click the element identified by ``locator``.</doc>
<msg timestamp="20220804 19:30:24.945" level="INFO">Clicking element 'xpath://input[@id='ctl00_ContentPlaceHolder1_btnAddTimesheetEntry']'.</msg>
<status status="PASS" starttime="20220804 19:30:24.945" endtime="20220804 19:30:24.973"/>
</kw>
<kw name="Sleep" library="BuiltIn">
<arg>5seconds</arg>
<doc>Pauses the test executed for the given time.</doc>
<msg timestamp="20220804 19:30:29.974" level="INFO">Slept 5 seconds</msg>
<status status="PASS" starttime="20220804 19:30:24.973" endtime="20220804 19:30:29.974"/>
</kw>
<kw name="Get Text" library="SeleniumLibrary">
<var>${response}</var>
<arg>xpath://*[@id="ctl00_ContentPlaceHolder1_gvTimesheet"]/tbody/tr[2]/td[4]</arg>
<doc>Returns the text value of the element identified by ``locator``.</doc>
<msg timestamp="20220804 19:30:30.055" level="INFO">${response} = Automation training assignment using selenium or robot framework with python</msg>
<status status="PASS" starttime="20220804 19:30:29.975" endtime="20220804 19:30:30.055"/>
</kw>
<kw name="Should Be Equal" library="BuiltIn">
<arg>${response}</arg>
<arg>${descrip}</arg>
<doc>Fails if the given objects are unequal.</doc>
<status status="PASS" starttime="20220804 19:30:30.055" endtime="20220804 19:30:30.056"/>
</kw>
<kw name="Set Variable" library="BuiltIn">
<var>${"next_date"}</var>
<arg>xpath://input[@id='ctl00_ContentPlaceHolder1_txtEntryDate']</arg>
<doc>Returns the given values which can then be assigned to a variables.</doc>
<msg timestamp="20220804 19:30:30.056" level="INFO">${"next_date"} = xpath://input[@id='ctl00_ContentPlaceHolder1_txtEntryDate']</msg>
<status status="PASS" starttime="20220804 19:30:30.056" endtime="20220804 19:30:30.056"/>
</kw>
<kw name="Press Keys" library="SeleniumLibrary">
<arg>${"next_date"}</arg>
<arg>CTRL+a+BACKSPACE</arg>
<doc>Simulates the user pressing key(s) to an element or on the active browser.</doc>
<msg timestamp="20220804 19:30:30.057" level="INFO">Sending key(s) ('CTRL+a+BACKSPACE',) to xpath://input[@id='ctl00_ContentPlaceHolder1_txtEntryDate'] element.</msg>
<msg timestamp="20220804 19:30:30.387" level="INFO">Pressing special key CONTROL down.</msg>
<msg timestamp="20220804 19:30:30.387" level="INFO">Sending key a</msg>
<msg timestamp="20220804 19:30:30.387" level="INFO">Pressing special key BACKSPACE down.</msg>
<msg timestamp="20220804 19:30:30.387" level="INFO">Releasing special key CONTROL.</msg>
<msg timestamp="20220804 19:30:30.387" level="INFO">Releasing special key BACKSPACE.</msg>
<status status="PASS" starttime="20220804 19:30:30.056" endtime="20220804 19:30:30.403"/>
</kw>
<kw name="Input Text" library="SeleniumLibrary">
<arg>${"next_date"}</arg>
<arg>05-Aug-2022</arg>
<doc>Types the given ``text`` into the text field identified by ``locator``.</doc>
<msg timestamp="20220804 19:30:30.404" level="INFO">Typing text '05-Aug-2022' into text field 'xpath://input[@id='ctl00_ContentPlaceHolder1_txtEntryDate']'.</msg>
<status status="PASS" starttime="20220804 19:30:30.404" endtime="20220804 19:30:30.492"/>
</kw>
<kw name="Select From List By Value" library="SeleniumLibrary">
<arg>ctl00_ContentPlaceHolder1_ddEntryHours</arg>
<arg>8</arg>
<doc>Selects options from selection list ``locator`` by ``values``.</doc>
<msg timestamp="20220804 19:30:30.492" level="INFO">Selecting options from selection list 'ctl00_ContentPlaceHolder1_ddEntryHours' by value 8.</msg>
<status status="PASS" starttime="20220804 19:30:30.492" endtime="20220804 19:30:30.542"/>
</kw>
<kw name="Press Keys" library="SeleniumLibrary">
<arg>${"Description"}</arg>
<arg>CTRL+a+BACKSPACE</arg>
<doc>Simulates the user pressing key(s) to an element or on the active browser.</doc>
<msg timestamp="20220804 19:30:30.542" level="INFO">Sending key(s) ('CTRL+a+BACKSPACE',) to xpath://textarea[@id='ctl00_ContentPlaceHolder1_txtDescription'] element.</msg>
<msg timestamp="20220804 19:30:30.831" level="INFO">Pressing special key CONTROL down.</msg>
<msg timestamp="20220804 19:30:30.831" level="INFO">Sending key a</msg>
<msg timestamp="20220804 19:30:30.832" level="INFO">Pressing special key BACKSPACE down.</msg>
<msg timestamp="20220804 19:30:30.832" level="INFO">Releasing special key CONTROL.</msg>
<msg timestamp="20220804 19:30:30.832" level="INFO">Releasing special key BACKSPACE.</msg>
<status status="PASS" starttime="20220804 19:30:30.542" endtime="20220804 19:30:30.867"/>
</kw>
<kw name="Input Text" library="SeleniumLibrary">
<arg>${"Description"}</arg>
<arg>${descrip2}</arg>
<doc>Types the given ``text`` into the text field identified by ``locator``.</doc>
<msg timestamp="20220804 19:30:30.869" level="INFO">Typing text 'Automation training' into text field 'xpath://textarea[@id='ctl00_ContentPlaceHolder1_txtDescription']'.</msg>
<status status="PASS" starttime="20220804 19:30:30.868" endtime="20220804 19:30:30.945"/>
</kw>
<kw name="Click Element" library="SeleniumLibrary">
<arg>xpath://input[@id='ctl00_ContentPlaceHolder1_btnAddTimesheetEntry']</arg>
<doc>Click the element identified by ``locator``.</doc>
<msg timestamp="20220804 19:30:30.945" level="INFO">Clicking element 'xpath://input[@id='ctl00_ContentPlaceHolder1_btnAddTimesheetEntry']'.</msg>
<status status="PASS" starttime="20220804 19:30:30.945" endtime="20220804 19:30:30.982"/>
</kw>
<kw name="Sleep" library="BuiltIn">
<arg>5seconds</arg>
<doc>Pauses the test executed for the given time.</doc>
<msg timestamp="20220804 19:30:35.983" level="INFO">Slept 5 seconds</msg>
<status status="PASS" starttime="20220804 19:30:30.983" endtime="20220804 19:30:35.984"/>
</kw>
<kw name="Page Should Contain" library="SeleniumLibrary">
<arg>Future timesheet entries not allowed</arg>
<doc>Verifies that current page contains ``text``.</doc>
<msg timestamp="20220804 19:30:36.035" level="INFO">Current page contains text 'Future timesheet entries not allowed'.</msg>
<status status="PASS" starttime="20220804 19:30:35.985" endtime="20220804 19:30:36.035"/>
</kw>
<kw name="Close Browser" library="SeleniumLibrary">
<doc>Closes the current browser.</doc>
<status status="PASS" starttime="20220804 19:30:36.036" endtime="20220804 19:30:36.094"/>
</kw>
<status status="PASS" starttime="20220804 19:30:18.968" endtime="20220804 19:30:36.094"/>
</test>
<status status="PASS" starttime="20220804 19:30:14.662" endtime="20220804 19:30:36.095"/>
</suite>
<statistics>
<total>
<stat pass="2" fail="0" skip="0">All Tests</stat>
</total>
<tag>
</tag>
<suite>
<stat pass="2" fail="0" skip="0" id="s1" name="TimesheetTest">TimesheetTest</stat>
</suite>
</statistics>
<errors>
</errors>
</robot>
