<?xml version="1.0" encoding="UTF-8"?>
<robot generator="Robot 5.0.1 (Python 3.9.12 on linux)" generated="20220804 21:19:40.725" rpa="false" schemaversion="3">
<suite id="s1" name="TimesheetTest" source="/home/sheba/PycharmProjects/AutomationAssignment/TestCases/TimesheetTest.robot">
<test id="s1-t1" name="LoginTest" line="13">
<kw name="Set Selenium Implicit Wait" library="SeleniumLibrary">
<arg>5seconds</arg>
<doc>Sets the implicit wait value used by Selenium.</doc>
<status status="PASS" starttime="20220804 21:19:40.832" endtime="20220804 21:19:40.832"/>
</kw>
<kw name="Evaluate" library="BuiltIn">
<var>${options}</var>
<arg>sys.modules['selenium.webdriver'].ChromeOptions()</arg>
<arg>sys, selenium.webdriver</arg>
<doc>Evaluates the given expression in Python and returns the result.</doc>
<msg timestamp="20220804 21:19:40.832" level="INFO">${options} = &lt;selenium.webdriver.chrome.options.Options object at 0x7fc078d63a30&gt;</msg>
<status status="PASS" starttime="20220804 21:19:40.832" endtime="20220804 21:19:40.832"/>
</kw>
<kw name="Call Method" library="BuiltIn">
<arg>${options}</arg>
<arg>add_argument</arg>
<arg>incognito</arg>
<doc>Calls the named method of the given object with the provided arguments.</doc>
<status status="PASS" starttime="20220804 21:19:40.832" endtime="20220804 21:19:40.833"/>
</kw>
<kw name="Create Webdriver" library="SeleniumLibrary">
<arg>Chrome</arg>
<arg>chrome_options=${options}</arg>
<doc>Creates an instance of Selenium WebDriver.</doc>
<msg timestamp="20220804 21:19:40.833" level="INFO">Creating an instance of the Chrome WebDriver.</msg>
<status status="PASS" starttime="20220804 21:19:40.833" endtime="20220804 21:19:42.500"/>
</kw>
<kw name="Go To" library="SeleniumLibrary">
<arg>${SiteUrl}</arg>
<doc>Navigates the current browser window to the provided ``url``.</doc>
<msg timestamp="20220804 21:19:42.501" level="INFO">Opening url 'http://114.143.149.14:4356/TaskbaseAWS-2.0/NeovaTaskBase/LoginPage.aspx'</msg>
<status status="PASS" starttime="20220804 21:19:42.501" endtime="20220804 21:19:44.045"/>
</kw>
<kw name="Maximize Browser Window" library="SeleniumLibrary">
<doc>Maximizes current browser window.</doc>
<status status="PASS" starttime="20220804 21:19:44.046" endtime="20220804 21:19:44.155"/>
</kw>
<kw name="Enter Username" library="Keywords">
<arg>${User}</arg>
<kw name="Input Text" library="SeleniumLibrary">
<arg>${txt_loginUserName}</arg>
<arg>${username}</arg>
<doc>Types the given ``text`` into the text field identified by ``locator``.</doc>
<msg timestamp="20220804 21:19:44.157" level="INFO">Typing text 'sheba_john@neovasolutions.in' into text field 'xpath://input[@id='txtUserName']'.</msg>
<status status="PASS" starttime="20220804 21:19:44.156" endtime="20220804 21:19:44.280"/>
</kw>
<status status="PASS" starttime="20220804 21:19:44.155" endtime="20220804 21:19:44.281"/>
</kw>
<kw name="Enter Password" library="Keywords">
<arg>${pwd}</arg>
<kw name="Input Text" library="SeleniumLibrary">
<arg>${txt_loginPassword}</arg>
<arg>${password}</arg>
<doc>Types the given ``text`` into the text field identified by ``locator``.</doc>
<msg timestamp="20220804 21:19:44.281" level="INFO">Typing text 'Neova@123' into text field 'xpath://input[@id='txtPassword']'.</msg>
<status status="PASS" starttime="20220804 21:19:44.281" endtime="20220804 21:19:44.342"/>
</kw>
<status status="PASS" starttime="20220804 21:19:44.281" endtime="20220804 21:19:44.342"/>
</kw>
<kw name="Click SignIn" library="Keywords">
<kw name="Click Button" library="SeleniumLibrary">
<arg>${btn_signIn}</arg>
<doc>Clicks the button identified by ``locator``.</doc>
<msg timestamp="20220804 21:19:44.343" level="INFO">Clicking button 'xpath://input[@id='btnLogin']'.</msg>
<status status="PASS" starttime="20220804 21:19:44.343" endtime="20220804 21:19:45.597"/>
</kw>
<status status="PASS" starttime="20220804 21:19:44.342" endtime="20220804 21:19:45.597"/>
</kw>
<kw name="Verify Successful login" library="Keywords">
<kw name="Title Should Be" library="SeleniumLibrary">
<arg>Neova Task Base</arg>
<doc>Verifies that the current page title equals ``title``.</doc>
<msg timestamp="20220804 21:19:45.629" level="INFO">Page title is 'Neova Task Base'.</msg>
<status status="PASS" starttime="20220804 21:19:45.598" endtime="20220804 21:19:45.629"/>
</kw>
<status status="PASS" starttime="20220804 21:19:45.598" endtime="20220804 21:19:45.629"/>
</kw>
<status status="PASS" starttime="20220804 21:19:40.831" endtime="20220804 21:19:45.629"/>
</test>
<test id="s1-t2" name="Fill timesheet" line="26">
<kw name="Page Should Contain" library="SeleniumLibrary">
<arg>My Timesheet</arg>
<doc>Verifies that current page contains ``text``.</doc>
<msg timestamp="20220804 21:19:45.645" level="INFO">Current page contains text 'My Timesheet'.</msg>
<status status="PASS" starttime="20220804 21:19:45.630" endtime="20220804 21:19:45.645"/>
</kw>
<kw name="List Selection Should Be" library="SeleniumLibrary">
<arg>ctl00_ContentPlaceHolder1_ddEmployee</arg>
<arg>Sheba John</arg>
<doc>Verifies selection list ``locator`` has ``expected`` options selected.</doc>
<msg timestamp="20220804 21:19:45.646" level="INFO">Verifying list 'ctl00_ContentPlaceHolder1_ddEmployee' has option [ Sheba John ] selected.</msg>
<msg timestamp="20220804 21:19:45.656" level="INFO">Current page contains list 'ctl00_ContentPlaceHolder1_ddEmployee'.</msg>
<status status="PASS" starttime="20220804 21:19:45.646" endtime="20220804 21:19:45.715"/>
</kw>
<kw name="Get Current Date" library="DateTime">
<var>${date}</var>
<arg>result_format=%d-Aug-%Y</arg>
<doc>Returns current local or UTC time with an optional increment.</doc>
<msg timestamp="20220804 21:19:45.716" level="INFO">${date} = 04-Aug-2022</msg>
<status status="PASS" starttime="20220804 21:19:45.716" endtime="20220804 21:19:45.716"/>
</kw>
<kw name="Log To Console" library="BuiltIn">
<arg>${date}</arg>
<doc>Logs the given message to the console.</doc>
<status status="PASS" starttime="20220804 21:19:45.716" endtime="20220804 21:19:45.717"/>
</kw>
<kw name="Set Variable" library="BuiltIn">
<var>${"current_date"}</var>
<arg>xpath://input[@id='ctl00_ContentPlaceHolder1_txtEntryDate']</arg>
<doc>Returns the given values which can then be assigned to a variables.</doc>
<msg timestamp="20220804 21:19:45.717" level="INFO">${"current_date"} = xpath://input[@id='ctl00_ContentPlaceHolder1_txtEntryDate']</msg>
<status status="PASS" starttime="20220804 21:19:45.717" endtime="20220804 21:19:45.717"/>
</kw>
<kw name="Input Text" library="SeleniumLibrary">
<arg>${"current_date"}</arg>
<arg>${date}</arg>
<doc>Types the given ``text`` into the text field identified by ``locator``.</doc>
<msg timestamp="20220804 21:19:45.717" level="INFO">Typing text '04-Aug-2022' into text field 'xpath://input[@id='ctl00_ContentPlaceHolder1_txtEntryDate']'.</msg>
<status status="PASS" starttime="20220804 21:19:45.717" endtime="20220804 21:19:45.790"/>
</kw>
<kw name="Select From List By Label" library="SeleniumLibrary">
<arg>ctl00_ContentPlaceHolder1_ddProjects</arg>
<arg>NON-BILLABLE</arg>
<doc>Selects options from selection list ``locator`` by ``labels``.</doc>
<msg timestamp="20220804 21:19:45.791" level="INFO">Selecting options from selection list 'ctl00_ContentPlaceHolder1_ddProjects' by label NON-BILLABLE.</msg>
<status status="PASS" starttime="20220804 21:19:45.791" endtime="20220804 21:19:45.843"/>
</kw>
<kw name="Sleep" library="BuiltIn">
<arg>5seconds</arg>
<doc>Pauses the test executed for the given time.</doc>
<msg timestamp="20220804 21:19:50.844" level="INFO">Slept 5 seconds</msg>
<status status="PASS" starttime="20220804 21:19:45.843" endtime="20220804 21:19:50.844"/>
</kw>
<kw name="Select From List By Value" library="SeleniumLibrary">
<arg>ctl00_ContentPlaceHolder1_ddPhase</arg>
<arg>Training - Internal</arg>
<doc>Selects options from selection list ``locator`` by ``values``.</doc>
<msg timestamp="20220804 21:19:50.846" level="INFO">Selecting options from selection list 'ctl00_ContentPlaceHolder1_ddPhase' by value Training - Internal.</msg>
<status status="PASS" starttime="20220804 21:19:50.845" endtime="20220804 21:19:51.023"/>
</kw>
<kw name="Select From List By Value" library="SeleniumLibrary">
<arg>ctl00_ContentPlaceHolder1_ddEntryHours</arg>
<arg>7</arg>
<doc>Selects options from selection list ``locator`` by ``values``.</doc>
<msg timestamp="20220804 21:19:51.024" level="INFO">Selecting options from selection list 'ctl00_ContentPlaceHolder1_ddEntryHours' by value 7.</msg>
<status status="PASS" starttime="20220804 21:19:51.023" endtime="20220804 21:19:51.082"/>
</kw>
<kw name="Set Variable" library="BuiltIn">
<var>${"Description"}</var>
<arg>xpath://textarea[@id='ctl00_ContentPlaceHolder1_txtDescription']</arg>
<doc>Returns the given values which can then be assigned to a variables.</doc>
<msg timestamp="20220804 21:19:51.082" level="INFO">${"Description"} = xpath://textarea[@id='ctl00_ContentPlaceHolder1_txtDescription']</msg>
<status status="PASS" starttime="20220804 21:19:51.082" endtime="20220804 21:19:51.082"/>
</kw>
<kw name="Input Text" library="SeleniumLibrary">
<arg>${"Description"}</arg>
<arg>${descriptn}</arg>
<doc>Types the given ``text`` into the text field identified by ``locator``.</doc>
<msg timestamp="20220804 21:19:51.083" level="INFO">Typing text 'Automation training assignment using selenium or robot framework with python' into text field 'xpath://textarea[@id='ctl00_ContentPlaceHolder1_txtDescription']'.</msg>
<status status="PASS" starttime="20220804 21:19:51.082" endtime="20220804 21:19:51.179"/>
</kw>
<kw name="Click Element" library="SeleniumLibrary">
<arg>xpath://input[@id='ctl00_ContentPlaceHolder1_btnAddTimesheetEntry']</arg>
<doc>Click the element identified by ``locator``.</doc>
<msg timestamp="20220804 21:19:51.180" level="INFO">Clicking element 'xpath://input[@id='ctl00_ContentPlaceHolder1_btnAddTimesheetEntry']'.</msg>
<status status="PASS" starttime="20220804 21:19:51.180" endtime="20220804 21:19:51.219"/>
</kw>
<kw name="Select From List By Value" library="SeleniumLibrary">
<arg>ctl00_ContentPlaceHolder1_ddEntryHours</arg>
<arg>1</arg>
<doc>Selects options from selection list ``locator`` by ``values``.</doc>
<msg timestamp="20220804 21:19:51.219" level="INFO">Selecting options from selection list 'ctl00_ContentPlaceHolder1_ddEntryHours' by value 1.</msg>
<status status="PASS" starttime="20220804 21:19:51.219" endtime="20220804 21:19:51.260"/>
</kw>
<kw name="Input Text" library="SeleniumLibrary">
<arg>${"Description"}</arg>
<arg>team meeting</arg>
<doc>Types the given ``text`` into the text field identified by ``locator``.</doc>
<msg timestamp="20220804 21:19:51.260" level="INFO">Typing text 'team meeting' into text field 'xpath://textarea[@id='ctl00_ContentPlaceHolder1_txtDescription']'.</msg>
<status status="PASS" starttime="20220804 21:19:51.260" endtime="20220804 21:19:51.313"/>
</kw>
<kw name="Click Element" library="SeleniumLibrary">
<arg>xpath://input[@id='ctl00_ContentPlaceHolder1_btnAddTimesheetEntry']</arg>
<doc>Click the element identified by ``locator``.</doc>
<msg timestamp="20220804 21:19:51.313" level="INFO">Clicking element 'xpath://input[@id='ctl00_ContentPlaceHolder1_btnAddTimesheetEntry']'.</msg>
<status status="PASS" starttime="20220804 21:19:51.313" endtime="20220804 21:19:51.339"/>
</kw>
<kw name="Sleep" library="BuiltIn">
<arg>5seconds</arg>
<doc>Pauses the test executed for the given time.</doc>
<msg timestamp="20220804 21:19:56.340" level="INFO">Slept 5 seconds</msg>
<status status="PASS" starttime="20220804 21:19:51.339" endtime="20220804 21:19:56.341"/>
</kw>
<kw name="Get Text" library="SeleniumLibrary">
<var>${response}</var>
<arg>xpath://*[@id="ctl00_ContentPlaceHolder1_gvTimesheet"]/tbody/tr[2]/td[4]</arg>
<doc>Returns the text value of the element identified by ``locator``.</doc>
<msg timestamp="20220804 21:19:56.415" level="INFO">${response} = Automation training assignment using selenium or robot framework with python</msg>
<status status="PASS" starttime="20220804 21:19:56.342" endtime="20220804 21:19:56.415"/>
</kw>
<kw name="Should Be Equal" library="BuiltIn">
<arg>${response}</arg>
<arg>${descriptn}</arg>
<doc>Fails if the given objects are unequal.</doc>
<status status="PASS" starttime="20220804 21:19:56.415" endtime="20220804 21:19:56.416"/>
</kw>
<kw name="Get Current Date" library="DateTime">
<var>${new_date}</var>
<arg>result_format=%m/%d/%Y</arg>
<arg>increment=1 day</arg>
<arg>result_format=%d-Aug-%Y</arg>
<doc>Returns current local or UTC time with an optional increment.</doc>
<msg timestamp="20220804 21:19:56.417" level="INFO">${new_date} = 05-Aug-2022</msg>
<status status="PASS" starttime="20220804 21:19:56.416" endtime="20220804 21:19:56.417"/>
</kw>
<kw name="Log To Console" library="BuiltIn">
<arg>${new_date}</arg>
<doc>Logs the given message to the console.</doc>
<status status="PASS" starttime="20220804 21:19:56.418" endtime="20220804 21:19:56.418"/>
</kw>
<kw name="Set Variable" library="BuiltIn">
<var>${"next_date"}</var>
<arg>xpath://input[@id='ctl00_ContentPlaceHolder1_txtEntryDate']</arg>
<doc>Returns the given values which can then be assigned to a variables.</doc>
<msg timestamp="20220804 21:19:56.419" level="INFO">${"next_date"} = xpath://input[@id='ctl00_ContentPlaceHolder1_txtEntryDate']</msg>
<status status="PASS" starttime="20220804 21:19:56.419" endtime="20220804 21:19:56.419"/>
</kw>
<kw name="Press Keys" library="SeleniumLibrary">
<arg>${"next_date"}</arg>
<arg>CTRL+a+BACKSPACE</arg>
<doc>Simulates the user pressing key(s) to an element or on the active browser.</doc>
<msg timestamp="20220804 21:19:56.420" level="INFO">Sending key(s) ('CTRL+a+BACKSPACE',) to xpath://input[@id='ctl00_ContentPlaceHolder1_txtEntryDate'] element.</msg>
<msg timestamp="20220804 21:19:56.733" level="INFO">Pressing special key CONTROL down.</msg>
<msg timestamp="20220804 21:19:56.733" level="INFO">Sending key a</msg>
<msg timestamp="20220804 21:19:56.733" level="INFO">Pressing special key BACKSPACE down.</msg>
<msg timestamp="20220804 21:19:56.734" level="INFO">Releasing special key CONTROL.</msg>
<msg timestamp="20220804 21:19:56.734" level="INFO">Releasing special key BACKSPACE.</msg>
<status status="PASS" starttime="20220804 21:19:56.419" endtime="20220804 21:19:56.757"/>
</kw>
<kw name="Input Text" library="SeleniumLibrary">
<arg>${"next_date"}</arg>
<arg>${new_date}</arg>
<doc>Types the given ``text`` into the text field identified by ``locator``.</doc>
<msg timestamp="20220804 21:19:56.758" level="INFO">Typing text '05-Aug-2022' into text field 'xpath://input[@id='ctl00_ContentPlaceHolder1_txtEntryDate']'.</msg>
<status status="PASS" starttime="20220804 21:19:56.757" endtime="20220804 21:19:56.843"/>
</kw>
<kw name="Select From List By Value" library="SeleniumLibrary">
<arg>ctl00_ContentPlaceHolder1_ddEntryHours</arg>
<arg>8</arg>
<doc>Selects options from selection list ``locator`` by ``values``.</doc>
<msg timestamp="20220804 21:19:56.844" level="INFO">Selecting options from selection list 'ctl00_ContentPlaceHolder1_ddEntryHours' by value 8.</msg>
<status status="PASS" starttime="20220804 21:19:56.843" endtime="20220804 21:19:56.890"/>
</kw>
<kw name="Press Keys" library="SeleniumLibrary">
<arg>${"Description"}</arg>
<arg>CTRL+a+BACKSPACE</arg>
<doc>Simulates the user pressing key(s) to an element or on the active browser.</doc>
<msg timestamp="20220804 21:19:56.891" level="INFO">Sending key(s) ('CTRL+a+BACKSPACE',) to xpath://textarea[@id='ctl00_ContentPlaceHolder1_txtDescription'] element.</msg>
<msg timestamp="20220804 21:19:57.179" level="INFO">Pressing special key CONTROL down.</msg>
<msg timestamp="20220804 21:19:57.179" level="INFO">Sending key a</msg>
<msg timestamp="20220804 21:19:57.179" level="INFO">Pressing special key BACKSPACE down.</msg>
<msg timestamp="20220804 21:19:57.179" level="INFO">Releasing special key CONTROL.</msg>
<msg timestamp="20220804 21:19:57.179" level="INFO">Releasing special key BACKSPACE.</msg>
<status status="PASS" starttime="20220804 21:19:56.890" endtime="20220804 21:19:57.211"/>
</kw>
<kw name="Input Text" library="SeleniumLibrary">
<arg>${"Description"}</arg>
<arg>${descriptn2}</arg>
<doc>Types the given ``text`` into the text field identified by ``locator``.</doc>
<msg timestamp="20220804 21:19:57.213" level="INFO">Typing text 'Automation training' into text field 'xpath://textarea[@id='ctl00_ContentPlaceHolder1_txtDescription']'.</msg>
<status status="PASS" starttime="20220804 21:19:57.212" endtime="20220804 21:19:57.292"/>
</kw>
<kw name="Click Element" library="SeleniumLibrary">
<arg>xpath://input[@id='ctl00_ContentPlaceHolder1_btnAddTimesheetEntry']</arg>
<doc>Click the element identified by ``locator``.</doc>
<msg timestamp="20220804 21:19:57.292" level="INFO">Clicking element 'xpath://input[@id='ctl00_ContentPlaceHolder1_btnAddTimesheetEntry']'.</msg>
<status status="PASS" starttime="20220804 21:19:57.292" endtime="20220804 21:19:57.334"/>
</kw>
<kw name="Sleep" library="BuiltIn">
<arg>5seconds</arg>
<doc>Pauses the test executed for the given time.</doc>
<msg timestamp="20220804 21:20:02.334" level="INFO">Slept 5 seconds</msg>
<status status="PASS" starttime="20220804 21:19:57.334" endtime="20220804 21:20:02.335"/>
</kw>
<kw name="Page Should Contain" library="SeleniumLibrary">
<arg>Future timesheet entries not allowed</arg>
<doc>Verifies that current page contains ``text``.</doc>
<msg timestamp="20220804 21:20:02.388" level="INFO">Current page contains text 'Future timesheet entries not allowed'.</msg>
<status status="PASS" starttime="20220804 21:20:02.336" endtime="20220804 21:20:02.388"/>
</kw>
<kw name="Close Browser" library="SeleniumLibrary">
<doc>Closes the current browser.</doc>
<status status="PASS" starttime="20220804 21:20:02.389" endtime="20220804 21:20:02.447"/>
</kw>
<status status="PASS" starttime="20220804 21:19:45.630" endtime="20220804 21:20:02.447"/>
</test>
<status status="PASS" starttime="20220804 21:19:40.726" endtime="20220804 21:20:02.448"/>
</suite>
<statistics>
<total>
<stat pass="2" fail="0" skip="0">All Tests</stat>
</total>
<tag>
</tag>
<suite>
<stat pass="2" fail="0" skip="0" id="s1" name="TimesheetTest">TimesheetTest</stat>
</suite>
</statistics>
<errors>
</errors>
</robot>
